[2025-08-08T02:01:50.355Z] [QUEUE] Added message to queue: 🟢 *CASCADE CONFIRMED: LONG*

💪 Strength: 75%
💰 ...
[2025-08-08T02:01:51.443Z] [SUCCESS] Message sent: 🟢 *CASCADE CONFIRMED: LONG*

💪 Strength: 75%
💰 ...
[2025-08-08T02:01:51.459Z] [QUEUE] Added message to queue: 🟢 *TRADE OPENED: LONG #1*

💰 Entry: $45678.50
💵...
[2025-08-08T02:01:51.462Z] [QUEUE] Added message to queue: ✅ *TRADE CLOSED: LONG #1*

📊 Result: WIN (TP)
💰 ...
[2025-08-08T02:01:51.465Z] [QUEUE] Added message to queue: 📊 *TRADING SUMMARY*

📈 Total Trades: 1,000
✅ Win...
[2025-08-08T02:01:52.623Z] [SUCCESS] Message sent: 🟢 *TRADE OPENED: LONG #1*

💰 Entry: $45678.50
💵...
[2025-08-08T02:01:53.823Z] [SUCCESS] Message sent: ✅ *TRADE CLOSED: LONG #1*

📊 Result: WIN (TP)
💰 ...
[2025-08-08T02:01:55.008Z] [SUCCESS] Message sent: 📊 *TRADING SUMMARY*

📈 Total Trades: 1,000
✅ Win...
